The system is: Linux - 3.8.10-gentoo - x86_64
Compiling the C compiler identification source file "CMakeCCompilerId.c" succeeded.
Compiler: /usr/bin/gcc-4.8.0 
Build flags: 
Id flags: 

The output was:
0


Compilation of the C compiler identification source "CMakeCCompilerId.c" produced "a.out"

The C compiler identification is GNU, found in "/home/evil/Studia/Przedmioty/PN/E/buildOpt/CMakeFiles/2.8.11-rc3/CompilerIdC/a.out"

Compiling the CXX compiler identification source file "CMakeCXXCompilerId.cpp" succeeded.
Compiler: /usr/bin/g++-4.8.0 
Build flags: -std=c++11
Id flags: 

The output was:
0


Compilation of the CXX compiler identification source "CMakeCXXCompilerId.cpp" produced "a.out"

The CXX compiler identification is GNU, found in "/home/evil/Studia/Przedmioty/PN/E/buildOpt/CMakeFiles/2.8.11-rc3/CompilerIdCXX/a.out"

Determining if the C compiler works passed with the following output:
Change Dir: /home/evil/Studia/Przedmioty/PN/E/buildOpt/CMakeFiles/CMakeTmp

Run Build Command:/usr/bin/gmake "cmTryCompileExec637993364/fast"
/usr/bin/gmake -f CMakeFiles/cmTryCompileExec637993364.dir/build.make CMakeFiles/cmTryCompileExec637993364.dir/build
gmake[1]: Entering directory `/home/evil/Studia/Przedmioty/PN/E/buildOpt/CMakeFiles/CMakeTmp'
/usr/bin/cmake -E cmake_progress_report /home/evil/Studia/Przedmioty/PN/E/buildOpt/CMakeFiles/CMakeTmp/CMakeFiles 1
Building C object CMakeFiles/cmTryCompileExec637993364.dir/testCCompiler.c.o
/usr/bin/gcc-4.8.0    -o CMakeFiles/cmTryCompileExec637993364.dir/testCCompiler.c.o   -c /home/evil/Studia/Przedmioty/PN/E/buildOpt/CMakeFiles/CMakeTmp/testCCompiler.c
Linking C executable cmTryCompileExec637993364
/usr/bin/cmake -E cmake_link_script CMakeFiles/cmTryCompileExec637993364.dir/link.txt --verbose=1
/usr/bin/gcc-4.8.0         CMakeFiles/cmTryCompileExec637993364.dir/testCCompiler.c.o  -o cmTryCompileExec637993364 -rdynamic 
gmake[1]: Leaving directory `/home/evil/Studia/Przedmioty/PN/E/buildOpt/CMakeFiles/CMakeTmp'


Detecting C compiler ABI info compiled with the following output:
Change Dir: /home/evil/Studia/Przedmioty/PN/E/buildOpt/CMakeFiles/CMakeTmp

Run Build Command:/usr/bin/gmake "cmTryCompileExec2515197108/fast"
/usr/bin/gmake -f CMakeFiles/cmTryCompileExec2515197108.dir/build.make CMakeFiles/cmTryCompileExec2515197108.dir/build
gmake[1]: Entering directory `/home/evil/Studia/Przedmioty/PN/E/buildOpt/CMakeFiles/CMakeTmp'
/usr/bin/cmake -E cmake_progress_report /home/evil/Studia/Przedmioty/PN/E/buildOpt/CMakeFiles/CMakeTmp/CMakeFiles 1
Building C object CMakeFiles/cmTryCompileExec2515197108.dir/CMakeCCompilerABI.c.o
/usr/bin/gcc-4.8.0    -o CMakeFiles/cmTryCompileExec2515197108.dir/CMakeCCompilerABI.c.o   -c /usr/share/cmake/Modules/CMakeCCompilerABI.c
Linking C executable cmTryCompileExec2515197108
/usr/bin/cmake -E cmake_link_script CMakeFiles/cmTryCompileExec2515197108.dir/link.txt --verbose=1
/usr/bin/gcc-4.8.0       -v CMakeFiles/cmTryCompileExec2515197108.dir/CMakeCCompilerABI.c.o  -o cmTryCompileExec2515197108 -rdynamic  
Using built-in specs.
COLLECT_GCC=/usr/bin/gcc-4.8.0
COLLECT_LTO_WRAPPER=/usr/libexec/gcc/x86_64-pc-linux-gnu/4.8.0/lto-wrapper
Target: x86_64-pc-linux-gnu
Configured with: /home/build/portage/sys-devel/gcc-4.8.0/work/gcc-4.8.0/configure --prefix=/usr --bindir=/usr/x86_64-pc-linux-gnu/gcc-bin/4.8.0 --includedir=/usr/lib/gcc/x86_64-pc-linux-gnu/4.8.0/include --datadir=/usr/share/gcc-data/x86_64-pc-linux-gnu/4.8.0 --mandir=/usr/share/gcc-data/x86_64-pc-linux-gnu/4.8.0/man --infodir=/usr/share/gcc-data/x86_64-pc-linux-gnu/4.8.0/info --with-gxx-include-dir=/usr/lib/gcc/x86_64-pc-linux-gnu/4.8.0/include/g++-v4 --host=x86_64-pc-linux-gnu --build=x86_64-pc-linux-gnu --disable-altivec --disable-fixed-point --with-ppl --with-cloog --disable-isl-version-check --with-cloog --enable-lto --enable-nls --without-included-gettext --with-system-zlib --enable-obsolete --disable-werror --enable-secureplt --enable-multilib --with-multilib-list=m32,m64 --enable-libmudflap --disable-libssp --enable-libgomp --with-python-dir=/share/gcc-data/x86_64-pc-linux-gnu/4.8.0/python --enable-checking=release --disable-libgcj --enable-libstdcxx-time --disable-libquadmath --enable-languages=c,c++ --enable-shared --enable-threads=posix --enable-__cxa_atexit --enable-clocale=gnu --enable-targets=all --with-bugurl=http://bugs.gentoo.org/ --with-pkgversion='Gentoo 4.8.0 p1.2, pie-0.5.5'
Thread model: posix
gcc version 4.8.0 (Gentoo 4.8.0 p1.2, pie-0.5.5) 
COMPILER_PATH=/usr/libexec/gcc/x86_64-pc-linux-gnu/4.8.0/:/usr/libexec/gcc/x86_64-pc-linux-gnu/4.8.0/:/usr/libexec/gcc/x86_64-pc-linux-gnu/:/usr/lib/gcc/x86_64-pc-linux-gnu/4.8.0/:/usr/lib/gcc/x86_64-pc-linux-gnu/:/usr/lib/gcc/x86_64-pc-linux-gnu/4.8.0/../../../../x86_64-pc-linux-gnu/bin/
LIBRARY_PATH=/usr/lib/gcc/x86_64-pc-linux-gnu/4.8.0/:/usr/lib/gcc/x86_64-pc-linux-gnu/4.8.0/../../../../lib64/:/lib/../lib64/:/usr/lib/../lib64/:/usr/lib/gcc/x86_64-pc-linux-gnu/4.8.0/../../../../x86_64-pc-linux-gnu/lib/:/usr/lib/gcc/x86_64-pc-linux-gnu/4.8.0/../../../:/lib/:/usr/lib/
COLLECT_GCC_OPTIONS='-v' '-o' 'cmTryCompileExec2515197108' '-rdynamic' '-mtune=generic' '-march=x86-64'
 /usr/libexec/gcc/x86_64-pc-linux-gnu/4.8.0/collect2 --eh-frame-hdr -m elf_x86_64 -export-dynamic -dynamic-linker /lib64/ld-linux-x86-64.so.2 -o cmTryCompileExec2515197108 /usr/lib/gcc/x86_64-pc-linux-gnu/4.8.0/../../../../lib64/crt1.o /usr/lib/gcc/x86_64-pc-linux-gnu/4.8.0/../../../../lib64/crti.o /usr/lib/gcc/x86_64-pc-linux-gnu/4.8.0/crtbegin.o -L/usr/lib/gcc/x86_64-pc-linux-gnu/4.8.0 -L/usr/lib/gcc/x86_64-pc-linux-gnu/4.8.0/../../../../lib64 -L/lib/../lib64 -L/usr/lib/../lib64 -L/usr/lib/gcc/x86_64-pc-linux-gnu/4.8.0/../../../../x86_64-pc-linux-gnu/lib -L/usr/lib/gcc/x86_64-pc-linux-gnu/4.8.0/../../.. CMakeFiles/cmTryCompileExec2515197108.dir/CMakeCCompilerABI.c.o -lgcc --as-needed -lgcc_s --no-as-needed -lc -lgcc --as-needed -lgcc_s --no-as-needed /usr/lib/gcc/x86_64-pc-linux-gnu/4.8.0/crtend.o /usr/lib/gcc/x86_64-pc-linux-gnu/4.8.0/../../../../lib64/crtn.o
gmake[1]: Leaving directory `/home/evil/Studia/Przedmioty/PN/E/buildOpt/CMakeFiles/CMakeTmp'


Parsed C implicit link information from above output:
  link line regex: [^( *|.*[/\])(ld|ld|collect2)[^/\]*( |$)]
  ignore line: [Change Dir: /home/evil/Studia/Przedmioty/PN/E/buildOpt/CMakeFiles/CMakeTmp]
  ignore line: []
  ignore line: [Run Build Command:/usr/bin/gmake "cmTryCompileExec2515197108/fast"]
  ignore line: [/usr/bin/gmake -f CMakeFiles/cmTryCompileExec2515197108.dir/build.make CMakeFiles/cmTryCompileExec2515197108.dir/build]
  ignore line: [gmake[1]: Entering directory `/home/evil/Studia/Przedmioty/PN/E/buildOpt/CMakeFiles/CMakeTmp']
  ignore line: [/usr/bin/cmake -E cmake_progress_report /home/evil/Studia/Przedmioty/PN/E/buildOpt/CMakeFiles/CMakeTmp/CMakeFiles 1]
  ignore line: [Building C object CMakeFiles/cmTryCompileExec2515197108.dir/CMakeCCompilerABI.c.o]
  ignore line: [/usr/bin/gcc-4.8.0    -o CMakeFiles/cmTryCompileExec2515197108.dir/CMakeCCompilerABI.c.o   -c /usr/share/cmake/Modules/CMakeCCompilerABI.c]
  ignore line: [Linking C executable cmTryCompileExec2515197108]
  ignore line: [/usr/bin/cmake -E cmake_link_script CMakeFiles/cmTryCompileExec2515197108.dir/link.txt --verbose=1]
  ignore line: [/usr/bin/gcc-4.8.0       -v CMakeFiles/cmTryCompileExec2515197108.dir/CMakeCCompilerABI.c.o  -o cmTryCompileExec2515197108 -rdynamic  ]
  ignore line: [Using built-in specs.]
  ignore line: [COLLECT_GCC=/usr/bin/gcc-4.8.0]
  ignore line: [COLLECT_LTO_WRAPPER=/usr/libexec/gcc/x86_64-pc-linux-gnu/4.8.0/lto-wrapper]
  ignore line: [Target: x86_64-pc-linux-gnu]
  ignore line: [Configured with: /home/build/portage/sys-devel/gcc-4.8.0/work/gcc-4.8.0/configure --prefix=/usr --bindir=/usr/x86_64-pc-linux-gnu/gcc-bin/4.8.0 --includedir=/usr/lib/gcc/x86_64-pc-linux-gnu/4.8.0/include --datadir=/usr/share/gcc-data/x86_64-pc-linux-gnu/4.8.0 --mandir=/usr/share/gcc-data/x86_64-pc-linux-gnu/4.8.0/man --infodir=/usr/share/gcc-data/x86_64-pc-linux-gnu/4.8.0/info --with-gxx-include-dir=/usr/lib/gcc/x86_64-pc-linux-gnu/4.8.0/include/g++-v4 --host=x86_64-pc-linux-gnu --build=x86_64-pc-linux-gnu --disable-altivec --disable-fixed-point --with-ppl --with-cloog --disable-isl-version-check --with-cloog --enable-lto --enable-nls --without-included-gettext --with-system-zlib --enable-obsolete --disable-werror --enable-secureplt --enable-multilib --with-multilib-list=m32,m64 --enable-libmudflap --disable-libssp --enable-libgomp --with-python-dir=/share/gcc-data/x86_64-pc-linux-gnu/4.8.0/python --enable-checking=release --disable-libgcj --enable-libstdcxx-time --disable-libquadmath --enable-languages=c,c++ --enable-shared --enable-threads=posix --enable-__cxa_atexit --enable-clocale=gnu --enable-targets=all --with-bugurl=http://bugs.gentoo.org/ --with-pkgversion='Gentoo 4.8.0 p1.2, pie-0.5.5']
  ignore line: [Thread model: posix]
  ignore line: [gcc version 4.8.0 (Gentoo 4.8.0 p1.2, pie-0.5.5) ]
  ignore line: [COMPILER_PATH=/usr/libexec/gcc/x86_64-pc-linux-gnu/4.8.0/:/usr/libexec/gcc/x86_64-pc-linux-gnu/4.8.0/:/usr/libexec/gcc/x86_64-pc-linux-gnu/:/usr/lib/gcc/x86_64-pc-linux-gnu/4.8.0/:/usr/lib/gcc/x86_64-pc-linux-gnu/:/usr/lib/gcc/x86_64-pc-linux-gnu/4.8.0/../../../../x86_64-pc-linux-gnu/bin/]
  ignore line: [LIBRARY_PATH=/usr/lib/gcc/x86_64-pc-linux-gnu/4.8.0/:/usr/lib/gcc/x86_64-pc-linux-gnu/4.8.0/../../../../lib64/:/lib/../lib64/:/usr/lib/../lib64/:/usr/lib/gcc/x86_64-pc-linux-gnu/4.8.0/../../../../x86_64-pc-linux-gnu/lib/:/usr/lib/gcc/x86_64-pc-linux-gnu/4.8.0/../../../:/lib/:/usr/lib/]
  ignore line: [COLLECT_GCC_OPTIONS='-v' '-o' 'cmTryCompileExec2515197108' '-rdynamic' '-mtune=generic' '-march=x86-64']
  link line: [ /usr/libexec/gcc/x86_64-pc-linux-gnu/4.8.0/collect2 --eh-frame-hdr -m elf_x86_64 -export-dynamic -dynamic-linker /lib64/ld-linux-x86-64.so.2 -o cmTryCompileExec2515197108 /usr/lib/gcc/x86_64-pc-linux-gnu/4.8.0/../../../../lib64/crt1.o /usr/lib/gcc/x86_64-pc-linux-gnu/4.8.0/../../../../lib64/crti.o /usr/lib/gcc/x86_64-pc-linux-gnu/4.8.0/crtbegin.o -L/usr/lib/gcc/x86_64-pc-linux-gnu/4.8.0 -L/usr/lib/gcc/x86_64-pc-linux-gnu/4.8.0/../../../../lib64 -L/lib/../lib64 -L/usr/lib/../lib64 -L/usr/lib/gcc/x86_64-pc-linux-gnu/4.8.0/../../../../x86_64-pc-linux-gnu/lib -L/usr/lib/gcc/x86_64-pc-linux-gnu/4.8.0/../../.. CMakeFiles/cmTryCompileExec2515197108.dir/CMakeCCompilerABI.c.o -lgcc --as-needed -lgcc_s --no-as-needed -lc -lgcc --as-needed -lgcc_s --no-as-needed /usr/lib/gcc/x86_64-pc-linux-gnu/4.8.0/crtend.o /usr/lib/gcc/x86_64-pc-linux-gnu/4.8.0/../../../../lib64/crtn.o]
    arg [/usr/libexec/gcc/x86_64-pc-linux-gnu/4.8.0/collect2] ==> ignore
    arg [--eh-frame-hdr] ==> ignore
    arg [-m] ==> ignore
    arg [elf_x86_64] ==> ignore
    arg [-export-dynamic] ==> ignore
    arg [-dynamic-linker] ==> ignore
    arg [/lib64/ld-linux-x86-64.so.2] ==> ignore
    arg [-o] ==> ignore
    arg [cmTryCompileExec2515197108] ==> ignore
    arg [/usr/lib/gcc/x86_64-pc-linux-gnu/4.8.0/../../../../lib64/crt1.o] ==> ignore
    arg [/usr/lib/gcc/x86_64-pc-linux-gnu/4.8.0/../../../../lib64/crti.o] ==> ignore
    arg [/usr/lib/gcc/x86_64-pc-linux-gnu/4.8.0/crtbegin.o] ==> ignore
    arg [-L/usr/lib/gcc/x86_64-pc-linux-gnu/4.8.0] ==> dir [/usr/lib/gcc/x86_64-pc-linux-gnu/4.8.0]
    arg [-L/usr/lib/gcc/x86_64-pc-linux-gnu/4.8.0/../../../../lib64] ==> dir [/usr/lib/gcc/x86_64-pc-linux-gnu/4.8.0/../../../../lib64]
    arg [-L/lib/../lib64] ==> dir [/lib/../lib64]
    arg [-L/usr/lib/../lib64] ==> dir [/usr/lib/../lib64]
    arg [-L/usr/lib/gcc/x86_64-pc-linux-gnu/4.8.0/../../../../x86_64-pc-linux-gnu/lib] ==> dir [/usr/lib/gcc/x86_64-pc-linux-gnu/4.8.0/../../../../x86_64-pc-linux-gnu/lib]
    arg [-L/usr/lib/gcc/x86_64-pc-linux-gnu/4.8.0/../../..] ==> dir [/usr/lib/gcc/x86_64-pc-linux-gnu/4.8.0/../../..]
    arg [CMakeFiles/cmTryCompileExec2515197108.dir/CMakeCCompilerABI.c.o] ==> ignore
    arg [-lgcc] ==> lib [gcc]
    arg [--as-needed] ==> ignore
    arg [-lgcc_s] ==> lib [gcc_s]
    arg [--no-as-needed] ==> ignore
    arg [-lc] ==> lib [c]
    arg [-lgcc] ==> lib [gcc]
    arg [--as-needed] ==> ignore
    arg [-lgcc_s] ==> lib [gcc_s]
    arg [--no-as-needed] ==> ignore
    arg [/usr/lib/gcc/x86_64-pc-linux-gnu/4.8.0/crtend.o] ==> ignore
    arg [/usr/lib/gcc/x86_64-pc-linux-gnu/4.8.0/../../../../lib64/crtn.o] ==> ignore
  remove lib [gcc]
  remove lib [gcc_s]
  remove lib [gcc]
  remove lib [gcc_s]
  collapse library dir [/usr/lib/gcc/x86_64-pc-linux-gnu/4.8.0] ==> [/usr/lib/gcc/x86_64-pc-linux-gnu/4.8.0]
  collapse library dir [/usr/lib/gcc/x86_64-pc-linux-gnu/4.8.0/../../../../lib64] ==> [/usr/lib64]
  collapse library dir [/lib/../lib64] ==> [/lib64]
  collapse library dir [/usr/lib/../lib64] ==> [/usr/lib64]
  collapse library dir [/usr/lib/gcc/x86_64-pc-linux-gnu/4.8.0/../../../../x86_64-pc-linux-gnu/lib] ==> [/usr/x86_64-pc-linux-gnu/lib]
  collapse library dir [/usr/lib/gcc/x86_64-pc-linux-gnu/4.8.0/../../..] ==> [/usr/lib]
  implicit libs: [c]
  implicit dirs: [/usr/lib/gcc/x86_64-pc-linux-gnu/4.8.0;/usr/lib64;/lib64;/usr/x86_64-pc-linux-gnu/lib;/usr/lib]
  implicit fwks: []


Determining if the CXX compiler works passed with the following output:
Change Dir: /home/evil/Studia/Przedmioty/PN/E/buildOpt/CMakeFiles/CMakeTmp

Run Build Command:/usr/bin/gmake "cmTryCompileExec2269021505/fast"
/usr/bin/gmake -f CMakeFiles/cmTryCompileExec2269021505.dir/build.make CMakeFiles/cmTryCompileExec2269021505.dir/build
gmake[1]: Entering directory `/home/evil/Studia/Przedmioty/PN/E/buildOpt/CMakeFiles/CMakeTmp'
/usr/bin/cmake -E cmake_progress_report /home/evil/Studia/Przedmioty/PN/E/buildOpt/CMakeFiles/CMakeTmp/CMakeFiles 1
Building CXX object CMakeFiles/cmTryCompileExec2269021505.dir/testCXXCompiler.cxx.o
/usr/bin/g++-4.8.0     -o CMakeFiles/cmTryCompileExec2269021505.dir/testCXXCompiler.cxx.o -c /home/evil/Studia/Przedmioty/PN/E/buildOpt/CMakeFiles/CMakeTmp/testCXXCompiler.cxx
Linking CXX executable cmTryCompileExec2269021505
/usr/bin/cmake -E cmake_link_script CMakeFiles/cmTryCompileExec2269021505.dir/link.txt --verbose=1
/usr/bin/g++-4.8.0          CMakeFiles/cmTryCompileExec2269021505.dir/testCXXCompiler.cxx.o  -o cmTryCompileExec2269021505 -rdynamic 
gmake[1]: Leaving directory `/home/evil/Studia/Przedmioty/PN/E/buildOpt/CMakeFiles/CMakeTmp'


Detecting CXX compiler ABI info compiled with the following output:
Change Dir: /home/evil/Studia/Przedmioty/PN/E/buildOpt/CMakeFiles/CMakeTmp

Run Build Command:/usr/bin/gmake "cmTryCompileExec3633699824/fast"
/usr/bin/gmake -f CMakeFiles/cmTryCompileExec3633699824.dir/build.make CMakeFiles/cmTryCompileExec3633699824.dir/build
gmake[1]: Entering directory `/home/evil/Studia/Przedmioty/PN/E/buildOpt/CMakeFiles/CMakeTmp'
/usr/bin/cmake -E cmake_progress_report /home/evil/Studia/Przedmioty/PN/E/buildOpt/CMakeFiles/CMakeTmp/CMakeFiles 1
Building CXX object CMakeFiles/cmTryCompileExec3633699824.dir/CMakeCXXCompilerABI.cpp.o
/usr/bin/g++-4.8.0     -o CMakeFiles/cmTryCompileExec3633699824.dir/CMakeCXXCompilerABI.cpp.o -c /usr/share/cmake/Modules/CMakeCXXCompilerABI.cpp
Linking CXX executable cmTryCompileExec3633699824
/usr/bin/cmake -E cmake_link_script CMakeFiles/cmTryCompileExec3633699824.dir/link.txt --verbose=1
/usr/bin/g++-4.8.0        -v CMakeFiles/cmTryCompileExec3633699824.dir/CMakeCXXCompilerABI.cpp.o  -o cmTryCompileExec3633699824 -rdynamic  
Using built-in specs.
COLLECT_GCC=/usr/bin/g++-4.8.0
COLLECT_LTO_WRAPPER=/usr/libexec/gcc/x86_64-pc-linux-gnu/4.8.0/lto-wrapper
Target: x86_64-pc-linux-gnu
Configured with: /home/build/portage/sys-devel/gcc-4.8.0/work/gcc-4.8.0/configure --prefix=/usr --bindir=/usr/x86_64-pc-linux-gnu/gcc-bin/4.8.0 --includedir=/usr/lib/gcc/x86_64-pc-linux-gnu/4.8.0/include --datadir=/usr/share/gcc-data/x86_64-pc-linux-gnu/4.8.0 --mandir=/usr/share/gcc-data/x86_64-pc-linux-gnu/4.8.0/man --infodir=/usr/share/gcc-data/x86_64-pc-linux-gnu/4.8.0/info --with-gxx-include-dir=/usr/lib/gcc/x86_64-pc-linux-gnu/4.8.0/include/g++-v4 --host=x86_64-pc-linux-gnu --build=x86_64-pc-linux-gnu --disable-altivec --disable-fixed-point --with-ppl --with-cloog --disable-isl-version-check --with-cloog --enable-lto --enable-nls --without-included-gettext --with-system-zlib --enable-obsolete --disable-werror --enable-secureplt --enable-multilib --with-multilib-list=m32,m64 --enable-libmudflap --disable-libssp --enable-libgomp --with-python-dir=/share/gcc-data/x86_64-pc-linux-gnu/4.8.0/python --enable-checking=release --disable-libgcj --enable-libstdcxx-time --disable-libquadmath --enable-languages=c,c++ --enable-shared --enable-threads=posix --enable-__cxa_atexit --enable-clocale=gnu --enable-targets=all --with-bugurl=http://bugs.gentoo.org/ --with-pkgversion='Gentoo 4.8.0 p1.2, pie-0.5.5'
Thread model: posix
gcc version 4.8.0 (Gentoo 4.8.0 p1.2, pie-0.5.5) 
COMPILER_PATH=/usr/libexec/gcc/x86_64-pc-linux-gnu/4.8.0/:/usr/libexec/gcc/x86_64-pc-linux-gnu/4.8.0/:/usr/libexec/gcc/x86_64-pc-linux-gnu/:/usr/lib/gcc/x86_64-pc-linux-gnu/4.8.0/:/usr/lib/gcc/x86_64-pc-linux-gnu/:/usr/lib/gcc/x86_64-pc-linux-gnu/4.8.0/../../../../x86_64-pc-linux-gnu/bin/
LIBRARY_PATH=/usr/lib/gcc/x86_64-pc-linux-gnu/4.8.0/:/usr/lib/gcc/x86_64-pc-linux-gnu/4.8.0/../../../../lib64/:/lib/../lib64/:/usr/lib/../lib64/:/usr/lib/gcc/x86_64-pc-linux-gnu/4.8.0/../../../../x86_64-pc-linux-gnu/lib/:/usr/lib/gcc/x86_64-pc-linux-gnu/4.8.0/../../../:/lib/:/usr/lib/
COLLECT_GCC_OPTIONS='-v' '-o' 'cmTryCompileExec3633699824' '-rdynamic' '-shared-libgcc' '-mtune=generic' '-march=x86-64'
 /usr/libexec/gcc/x86_64-pc-linux-gnu/4.8.0/collect2 --eh-frame-hdr -m elf_x86_64 -export-dynamic -dynamic-linker /lib64/ld-linux-x86-64.so.2 -o cmTryCompileExec3633699824 /usr/lib/gcc/x86_64-pc-linux-gnu/4.8.0/../../../../lib64/crt1.o /usr/lib/gcc/x86_64-pc-linux-gnu/4.8.0/../../../../lib64/crti.o /usr/lib/gcc/x86_64-pc-linux-gnu/4.8.0/crtbegin.o -L/usr/lib/gcc/x86_64-pc-linux-gnu/4.8.0 -L/usr/lib/gcc/x86_64-pc-linux-gnu/4.8.0/../../../../lib64 -L/lib/../lib64 -L/usr/lib/../lib64 -L/usr/lib/gcc/x86_64-pc-linux-gnu/4.8.0/../../../../x86_64-pc-linux-gnu/lib -L/usr/lib/gcc/x86_64-pc-linux-gnu/4.8.0/../../.. CMakeFiles/cmTryCompileExec3633699824.dir/CMakeCXXCompilerABI.cpp.o -lstdc++ -lm -lgcc_s -lgcc -lc -lgcc_s -lgcc /usr/lib/gcc/x86_64-pc-linux-gnu/4.8.0/crtend.o /usr/lib/gcc/x86_64-pc-linux-gnu/4.8.0/../../../../lib64/crtn.o
gmake[1]: Leaving directory `/home/evil/Studia/Przedmioty/PN/E/buildOpt/CMakeFiles/CMakeTmp'


Parsed CXX implicit link information from above output:
  link line regex: [^( *|.*[/\])(ld|ld|collect2)[^/\]*( |$)]
  ignore line: [Change Dir: /home/evil/Studia/Przedmioty/PN/E/buildOpt/CMakeFiles/CMakeTmp]
  ignore line: []
  ignore line: [Run Build Command:/usr/bin/gmake "cmTryCompileExec3633699824/fast"]
  ignore line: [/usr/bin/gmake -f CMakeFiles/cmTryCompileExec3633699824.dir/build.make CMakeFiles/cmTryCompileExec3633699824.dir/build]
  ignore line: [gmake[1]: Entering directory `/home/evil/Studia/Przedmioty/PN/E/buildOpt/CMakeFiles/CMakeTmp']
  ignore line: [/usr/bin/cmake -E cmake_progress_report /home/evil/Studia/Przedmioty/PN/E/buildOpt/CMakeFiles/CMakeTmp/CMakeFiles 1]
  ignore line: [Building CXX object CMakeFiles/cmTryCompileExec3633699824.dir/CMakeCXXCompilerABI.cpp.o]
  ignore line: [/usr/bin/g++-4.8.0     -o CMakeFiles/cmTryCompileExec3633699824.dir/CMakeCXXCompilerABI.cpp.o -c /usr/share/cmake/Modules/CMakeCXXCompilerABI.cpp]
  ignore line: [Linking CXX executable cmTryCompileExec3633699824]
  ignore line: [/usr/bin/cmake -E cmake_link_script CMakeFiles/cmTryCompileExec3633699824.dir/link.txt --verbose=1]
  ignore line: [/usr/bin/g++-4.8.0        -v CMakeFiles/cmTryCompileExec3633699824.dir/CMakeCXXCompilerABI.cpp.o  -o cmTryCompileExec3633699824 -rdynamic  ]
  ignore line: [Using built-in specs.]
  ignore line: [COLLECT_GCC=/usr/bin/g++-4.8.0]
  ignore line: [COLLECT_LTO_WRAPPER=/usr/libexec/gcc/x86_64-pc-linux-gnu/4.8.0/lto-wrapper]
  ignore line: [Target: x86_64-pc-linux-gnu]
  ignore line: [Configured with: /home/build/portage/sys-devel/gcc-4.8.0/work/gcc-4.8.0/configure --prefix=/usr --bindir=/usr/x86_64-pc-linux-gnu/gcc-bin/4.8.0 --includedir=/usr/lib/gcc/x86_64-pc-linux-gnu/4.8.0/include --datadir=/usr/share/gcc-data/x86_64-pc-linux-gnu/4.8.0 --mandir=/usr/share/gcc-data/x86_64-pc-linux-gnu/4.8.0/man --infodir=/usr/share/gcc-data/x86_64-pc-linux-gnu/4.8.0/info --with-gxx-include-dir=/usr/lib/gcc/x86_64-pc-linux-gnu/4.8.0/include/g++-v4 --host=x86_64-pc-linux-gnu --build=x86_64-pc-linux-gnu --disable-altivec --disable-fixed-point --with-ppl --with-cloog --disable-isl-version-check --with-cloog --enable-lto --enable-nls --without-included-gettext --with-system-zlib --enable-obsolete --disable-werror --enable-secureplt --enable-multilib --with-multilib-list=m32,m64 --enable-libmudflap --disable-libssp --enable-libgomp --with-python-dir=/share/gcc-data/x86_64-pc-linux-gnu/4.8.0/python --enable-checking=release --disable-libgcj --enable-libstdcxx-time --disable-libquadmath --enable-languages=c,c++ --enable-shared --enable-threads=posix --enable-__cxa_atexit --enable-clocale=gnu --enable-targets=all --with-bugurl=http://bugs.gentoo.org/ --with-pkgversion='Gentoo 4.8.0 p1.2, pie-0.5.5']
  ignore line: [Thread model: posix]
  ignore line: [gcc version 4.8.0 (Gentoo 4.8.0 p1.2, pie-0.5.5) ]
  ignore line: [COMPILER_PATH=/usr/libexec/gcc/x86_64-pc-linux-gnu/4.8.0/:/usr/libexec/gcc/x86_64-pc-linux-gnu/4.8.0/:/usr/libexec/gcc/x86_64-pc-linux-gnu/:/usr/lib/gcc/x86_64-pc-linux-gnu/4.8.0/:/usr/lib/gcc/x86_64-pc-linux-gnu/:/usr/lib/gcc/x86_64-pc-linux-gnu/4.8.0/../../../../x86_64-pc-linux-gnu/bin/]
  ignore line: [LIBRARY_PATH=/usr/lib/gcc/x86_64-pc-linux-gnu/4.8.0/:/usr/lib/gcc/x86_64-pc-linux-gnu/4.8.0/../../../../lib64/:/lib/../lib64/:/usr/lib/../lib64/:/usr/lib/gcc/x86_64-pc-linux-gnu/4.8.0/../../../../x86_64-pc-linux-gnu/lib/:/usr/lib/gcc/x86_64-pc-linux-gnu/4.8.0/../../../:/lib/:/usr/lib/]
  ignore line: [COLLECT_GCC_OPTIONS='-v' '-o' 'cmTryCompileExec3633699824' '-rdynamic' '-shared-libgcc' '-mtune=generic' '-march=x86-64']
  link line: [ /usr/libexec/gcc/x86_64-pc-linux-gnu/4.8.0/collect2 --eh-frame-hdr -m elf_x86_64 -export-dynamic -dynamic-linker /lib64/ld-linux-x86-64.so.2 -o cmTryCompileExec3633699824 /usr/lib/gcc/x86_64-pc-linux-gnu/4.8.0/../../../../lib64/crt1.o /usr/lib/gcc/x86_64-pc-linux-gnu/4.8.0/../../../../lib64/crti.o /usr/lib/gcc/x86_64-pc-linux-gnu/4.8.0/crtbegin.o -L/usr/lib/gcc/x86_64-pc-linux-gnu/4.8.0 -L/usr/lib/gcc/x86_64-pc-linux-gnu/4.8.0/../../../../lib64 -L/lib/../lib64 -L/usr/lib/../lib64 -L/usr/lib/gcc/x86_64-pc-linux-gnu/4.8.0/../../../../x86_64-pc-linux-gnu/lib -L/usr/lib/gcc/x86_64-pc-linux-gnu/4.8.0/../../.. CMakeFiles/cmTryCompileExec3633699824.dir/CMakeCXXCompilerABI.cpp.o -lstdc++ -lm -lgcc_s -lgcc -lc -lgcc_s -lgcc /usr/lib/gcc/x86_64-pc-linux-gnu/4.8.0/crtend.o /usr/lib/gcc/x86_64-pc-linux-gnu/4.8.0/../../../../lib64/crtn.o]
    arg [/usr/libexec/gcc/x86_64-pc-linux-gnu/4.8.0/collect2] ==> ignore
    arg [--eh-frame-hdr] ==> ignore
    arg [-m] ==> ignore
    arg [elf_x86_64] ==> ignore
    arg [-export-dynamic] ==> ignore
    arg [-dynamic-linker] ==> ignore
    arg [/lib64/ld-linux-x86-64.so.2] ==> ignore
    arg [-o] ==> ignore
    arg [cmTryCompileExec3633699824] ==> ignore
    arg [/usr/lib/gcc/x86_64-pc-linux-gnu/4.8.0/../../../../lib64/crt1.o] ==> ignore
    arg [/usr/lib/gcc/x86_64-pc-linux-gnu/4.8.0/../../../../lib64/crti.o] ==> ignore
    arg [/usr/lib/gcc/x86_64-pc-linux-gnu/4.8.0/crtbegin.o] ==> ignore
    arg [-L/usr/lib/gcc/x86_64-pc-linux-gnu/4.8.0] ==> dir [/usr/lib/gcc/x86_64-pc-linux-gnu/4.8.0]
    arg [-L/usr/lib/gcc/x86_64-pc-linux-gnu/4.8.0/../../../../lib64] ==> dir [/usr/lib/gcc/x86_64-pc-linux-gnu/4.8.0/../../../../lib64]
    arg [-L/lib/../lib64] ==> dir [/lib/../lib64]
    arg [-L/usr/lib/../lib64] ==> dir [/usr/lib/../lib64]
    arg [-L/usr/lib/gcc/x86_64-pc-linux-gnu/4.8.0/../../../../x86_64-pc-linux-gnu/lib] ==> dir [/usr/lib/gcc/x86_64-pc-linux-gnu/4.8.0/../../../../x86_64-pc-linux-gnu/lib]
    arg [-L/usr/lib/gcc/x86_64-pc-linux-gnu/4.8.0/../../..] ==> dir [/usr/lib/gcc/x86_64-pc-linux-gnu/4.8.0/../../..]
    arg [CMakeFiles/cmTryCompileExec3633699824.dir/CMakeCXXCompilerABI.cpp.o] ==> ignore
    arg [-lstdc++] ==> lib [stdc++]
    arg [-lm] ==> lib [m]
    arg [-lgcc_s] ==> lib [gcc_s]
    arg [-lgcc] ==> lib [gcc]
    arg [-lc] ==> lib [c]
    arg [-lgcc_s] ==> lib [gcc_s]
    arg [-lgcc] ==> lib [gcc]
    arg [/usr/lib/gcc/x86_64-pc-linux-gnu/4.8.0/crtend.o] ==> ignore
    arg [/usr/lib/gcc/x86_64-pc-linux-gnu/4.8.0/../../../../lib64/crtn.o] ==> ignore
  remove lib [gcc_s]
  remove lib [gcc]
  remove lib [gcc_s]
  remove lib [gcc]
  collapse library dir [/usr/lib/gcc/x86_64-pc-linux-gnu/4.8.0] ==> [/usr/lib/gcc/x86_64-pc-linux-gnu/4.8.0]
  collapse library dir [/usr/lib/gcc/x86_64-pc-linux-gnu/4.8.0/../../../../lib64] ==> [/usr/lib64]
  collapse library dir [/lib/../lib64] ==> [/lib64]
  collapse library dir [/usr/lib/../lib64] ==> [/usr/lib64]
  collapse library dir [/usr/lib/gcc/x86_64-pc-linux-gnu/4.8.0/../../../../x86_64-pc-linux-gnu/lib] ==> [/usr/x86_64-pc-linux-gnu/lib]
  collapse library dir [/usr/lib/gcc/x86_64-pc-linux-gnu/4.8.0/../../..] ==> [/usr/lib]
  implicit libs: [stdc++;m;c]
  implicit dirs: [/usr/lib/gcc/x86_64-pc-linux-gnu/4.8.0;/usr/lib64;/lib64;/usr/x86_64-pc-linux-gnu/lib;/usr/lib]
  implicit fwks: []


